Построение начато 02.04.2016 21:06:19.
     1>Проект "C:\Users\ИРА\Documents\Visual Studio 2012\Projects\lab№2OOP\lab№1OOP\lab№1OOP.vcxproj" в узле 2 (целевые объекты Build).
     1>ClCompile:
         C:\Program Files\Microsoft Visual Studio 11.0\VC\bin\CL.exe /c /ZI /nologo /W3 /WX- /Od /Oy- /D _UNICODE /D UNICODE /Gm /EHsc /RTC1 /MDd /GS /fp:precise /Zc:wchar_t /Zc:forScope /Fo"Debug\\" /Fd"Debug\vc110.pdb" /Gd /TP /analyze- /errorReport:prompt string_method.cpp
         string_method.cpp
     1>c:\users\ира\documents\visual studio 2012\projects\lab№2oop\lab№1oop\string_method.cpp(14): warning C4996: 'strcpy': This function or variable may be unsafe. Consider using strcpy_s instead. To disable deprecation, use _CRT_SECURE_NO_WARNINGS. See online help for details.
                 c:\program files\microsoft visual studio 11.0\vc\include\string.h(110): см. объявление "strcpy"
     1>c:\users\ира\documents\visual studio 2012\projects\lab№2oop\lab№1oop\string_method.cpp(24): warning C4996: 'strcpy': This function or variable may be unsafe. Consider using strcpy_s instead. To disable deprecation, use _CRT_SECURE_NO_WARNINGS. See online help for details.
                 c:\program files\microsoft visual studio 11.0\vc\include\string.h(110): см. объявление "strcpy"
     1>c:\users\ира\documents\visual studio 2012\projects\lab№2oop\lab№1oop\string_method.cpp(34): warning C4996: 'strcpy': This function or variable may be unsafe. Consider using strcpy_s instead. To disable deprecation, use _CRT_SECURE_NO_WARNINGS. See online help for details.
                 c:\program files\microsoft visual studio 11.0\vc\include\string.h(110): см. объявление "strcpy"
     1>c:\users\ира\documents\visual studio 2012\projects\lab№2oop\lab№1oop\string_method.cpp(59): warning C4996: 'strcpy': This function or variable may be unsafe. Consider using strcpy_s instead. To disable deprecation, use _CRT_SECURE_NO_WARNINGS. See online help for details.
                 c:\program files\microsoft visual studio 11.0\vc\include\string.h(110): см. объявление "strcpy"
     1>c:\users\ира\documents\visual studio 2012\projects\lab№2oop\lab№1oop\string_method.cpp(219): warning C4715: operator>>: значение возвращается не при всех путях выполнения
       Link:
         C:\Program Files\Microsoft Visual Studio 11.0\VC\bin\link.exe /ERRORREPORT:PROMPT /OUT:"C:\Users\ИРА\Documents\Visual Studio 2012\Projects\lab№2OOP\Debug\lab№2OOP.exe" /INCREMENTAL /NOLOGO kernel32.lib user32.lib gdi32.lib winspool.lib comdlg32.lib advapi32.lib shell32.lib ole32.lib oleaut32.lib uuid.lib odbc32.lib odbccp32.lib /MANIFEST /MANIFESTUAC:"level='asInvoker' uiAccess='false'" /manifest:embed /DEBUG /PDB:"C:\Users\ИРА\Documents\Visual Studio 2012\Projects\lab№2OOP\Debug\lab№2OOP.pdb" /TLBID:1 /DYNAMICBASE /NXCOMPAT /IMPLIB:"C:\Users\ИРА\Documents\Visual Studio 2012\Projects\lab№2OOP\Debug\lab№2OOP.lib" /MACHINE:X86 Debug\main.obj
         Debug\string_method.obj
         lab№1OOP.vcxproj -> C:\Users\ИРА\Documents\Visual Studio 2012\Projects\lab№2OOP\Debug\lab№2OOP.exe
     1>Построение проекта "C:\Users\ИРА\Documents\Visual Studio 2012\Projects\lab№2OOP\lab№1OOP\lab№1OOP.vcxproj" завершено (целевые объекты Build).

Построение успешно завершено.

Затраченное время: 00:00:03.94
